[2022/11/26 21:32:03.224] - Starting server with initial configuration: {"gasLimit":6721975,"gasPrice":20000000000,"hardfork":"petersburg","hostname":"127.0.0.1","port":7545,"network_id":5777,"default_balance_ether":100,"total_accounts":10,"unlocked_accounts":[],"locked":false,"vmErrorsOnRPCResponse":true,"verbose":false,"db_path":"C:\\Users\\ragna\\AppData\\Roaming\\Ganache\\workspaces\\nifty-answer\\chaindata","logDirectory":"H:\\Worx\\Blockchain\\educhains\\Log Files"}
[2022/11/26 21:32:03.498] - eth_subscribe
[2022/11/26 21:32:03.499] - eth_getLogs
[2022/11/26 21:32:03.499] - eth_subscribe
[2022/11/26 21:32:03.749] - eth_subscribe
[2022/11/26 21:32:03.750] - eth_getLogs
[2022/11/26 21:32:03.751] - eth_subscribe
[2022/11/26 21:32:04.031] - eth_blockNumber
[2022/11/26 21:32:04.031] - eth_accounts
[2022/11/26 21:32:04.032] - eth_gasPrice
[2022/11/26 21:32:04.033] - eth_getBlockByNumber
[2022/11/26 21:32:04.033] - eth_subscribe
[2022/11/26 21:32:04.034] - eth_blockNumber
[2022/11/26 21:32:04.034] - eth_accounts
[2022/11/26 21:32:04.035] - eth_gasPrice
[2022/11/26 21:32:04.035] - eth_getBlockByNumber
[2022/11/26 21:32:04.036] - eth_subscribe
[2022/11/26 21:32:04.106] - eth_accounts
[2022/11/26 21:32:04.245] - eth_getBalance
[2022/11/26 21:32:04.265] - eth_getTransactionCount
[2022/11/26 21:32:04.282] - eth_getBalance
[2022/11/26 21:32:04.299] - eth_getTransactionCount
[2022/11/26 21:32:04.320] - eth_getBalance
[2022/11/26 21:32:04.338] - eth_getTransactionCount
[2022/11/26 21:32:04.358] - eth_getBalance
[2022/11/26 21:32:04.376] - eth_getTransactionCount
[2022/11/26 21:32:04.395] - eth_getBalance
[2022/11/26 21:32:04.414] - eth_getTransactionCount
[2022/11/26 21:32:04.430] - eth_getBalance
[2022/11/26 21:32:04.447] - eth_getTransactionCount
[2022/11/26 21:32:04.466] - eth_getBalance
[2022/11/26 21:32:04.483] - eth_getTransactionCount
[2022/11/26 21:32:04.504] - eth_getBalance
[2022/11/26 21:32:04.521] - eth_getTransactionCount
[2022/11/26 21:32:04.540] - eth_getBalance
[2022/11/26 21:32:04.562] - eth_getTransactionCount
[2022/11/26 21:32:04.579] - eth_getBalance
[2022/11/26 21:32:04.603] - eth_getTransactionCount
[2022/11/26 21:32:04.879] - eth_getBalance
[2022/11/26 21:32:04.896] - eth_getTransactionCount
[2022/11/26 21:32:04.917] - eth_getBalance
[2022/11/26 21:32:04.936] - eth_getTransactionCount
[2022/11/26 21:32:04.959] - eth_getBalance
[2022/11/26 21:32:04.980] - eth_getTransactionCount
[2022/11/26 21:32:04.997] - eth_getBalance
[2022/11/26 21:32:05.020] - eth_getTransactionCount
[2022/11/26 21:32:05.036] - eth_getBalance
[2022/11/26 21:32:05.054] - eth_getTransactionCount
[2022/11/26 21:32:05.073] - eth_getBalance
[2022/11/26 21:32:05.088] - eth_getTransactionCount
[2022/11/26 21:32:05.108] - eth_getBalance
[2022/11/26 21:32:05.123] - eth_getTransactionCount
[2022/11/26 21:32:05.140] - eth_getBalance
[2022/11/26 21:32:05.159] - eth_getTransactionCount
[2022/11/26 21:32:05.176] - eth_getBalance
[2022/11/26 21:32:05.194] - eth_getTransactionCount
[2022/11/26 21:32:05.215] - eth_getBalance
[2022/11/26 21:32:05.242] - eth_getTransactionCount
[2022/11/26 21:32:05.264] - eth_getBalance
[2022/11/26 21:32:05.279] - eth_getTransactionCount
[2022/11/26 21:32:05.295] - eth_getBalance
[2022/11/26 21:32:05.315] - eth_getTransactionCount
[2022/11/26 21:32:05.332] - eth_getBalance
[2022/11/26 21:32:05.349] - eth_getTransactionCount
[2022/11/26 21:32:05.369] - eth_getBalance
[2022/11/26 21:32:05.385] - eth_getTransactionCount
[2022/11/26 21:32:05.403] - eth_getBalance
[2022/11/26 21:32:05.419] - eth_getTransactionCount
[2022/11/26 21:32:05.434] - eth_getBalance
[2022/11/26 21:32:05.454] - eth_getTransactionCount
[2022/11/26 21:32:05.469] - eth_getBalance
[2022/11/26 21:32:05.488] - eth_getTransactionCount
[2022/11/26 21:32:05.504] - eth_getBalance
[2022/11/26 21:32:05.519] - eth_getTransactionCount
[2022/11/26 21:32:05.538] - eth_getBalance
[2022/11/26 21:32:05.553] - eth_getTransactionCount
[2022/11/26 21:32:05.568] - eth_getBalance
[2022/11/26 21:32:05.587] - eth_getTransactionCount
[2022/11/26 21:32:05.603] - eth_getBalance
[2022/11/26 21:32:05.621] - eth_getTransactionCount
[2022/11/26 21:32:05.637] - eth_getBalance
[2022/11/26 21:32:05.655] - eth_getTransactionCount
[2022/11/26 21:32:05.672] - eth_getBalance
[2022/11/26 21:32:05.686] - eth_getTransactionCount
[2022/11/26 21:32:05.706] - eth_getBalance
[2022/11/26 21:32:05.720] - eth_getTransactionCount
[2022/11/26 21:32:05.740] - eth_getBalance
[2022/11/26 21:32:05.759] - eth_getTransactionCount
[2022/11/26 21:32:05.774] - eth_getBalance
[2022/11/26 21:32:05.790] - eth_getTransactionCount
[2022/11/26 21:32:05.808] - eth_getBalance
[2022/11/26 21:32:05.823] - eth_getTransactionCount
[2022/11/26 21:32:05.842] - eth_getBalance
[2022/11/26 21:32:05.859] - eth_getTransactionCount
[2022/11/26 21:32:05.874] - eth_getBalance
[2022/11/26 21:32:05.892] - eth_getTransactionCount
[2022/11/26 21:32:05.907] - eth_getBalance
[2022/11/26 21:32:05.926] - eth_getTransactionCount
[2022/11/26 21:32:11.371] - eth_getBlockByNumber
[2022/11/26 21:32:16.264] - eth_getBlockByNumber
[2022/11/26 21:32:16.326] - eth_getBlockTransactionCountByHash
[2022/11/26 21:32:29.386] - eth_getLogs
