[2022/11/28 18:47:17.881] - Starting server with initial configuration: {"gasLimit":6721975,"gasPrice":20000000000,"hardfork":"muirGlacier","hostname":"127.0.0.1","port":7545,"network_id":5777,"default_balance_ether":100,"total_accounts":10,"unlocked_accounts":[],"locked":false,"vmErrorsOnRPCResponse":true,"verbose":false,"db_path":"C:\\Users\\ragna\\AppData\\Roaming\\Ganache\\workspaces\\EduChain\\chaindata","logDirectory":"H:\\Worx\\Blockchain\\educhains\\Log Files"}
[2022/11/28 18:47:18.257] - eth_getCode
[2022/11/28 18:47:18.259] - eth_subscribe
[2022/11/28 18:47:18.260] - eth_getLogs
[2022/11/28 18:47:18.264] - eth_subscribe
[2022/11/28 18:47:18.297] - eth_getCode
[2022/11/28 18:47:18.620] - eth_subscribe
[2022/11/28 18:47:18.622] - eth_getLogs
[2022/11/28 18:47:18.622] - eth_subscribe
[2022/11/28 18:47:19.097] - eth_accounts
[2022/11/28 18:47:19.098] - eth_gasPrice
[2022/11/28 18:47:19.099] - eth_getBlockByNumber
[2022/11/28 18:47:19.100] - eth_blockNumber
[2022/11/28 18:47:19.101] - eth_subscribe
[2022/11/28 18:47:19.102] - eth_accounts
[2022/11/28 18:47:19.103] - eth_gasPrice
[2022/11/28 18:47:19.104] - eth_getBlockByNumber
[2022/11/28 18:47:19.106] - eth_subscribe
[2022/11/28 18:47:19.109] - eth_blockNumber
[2022/11/28 18:47:19.311] - eth_getBalance
[2022/11/28 18:47:19.342] - eth_getTransactionCount
[2022/11/28 18:47:19.368] - eth_getBalance
[2022/11/28 18:47:19.400] - eth_getTransactionCount
[2022/11/28 18:47:19.441] - eth_getBalance
[2022/11/28 18:47:19.477] - eth_getTransactionCount
[2022/11/28 18:47:19.511] - eth_getBalance
[2022/11/28 18:47:19.542] - eth_getTransactionCount
[2022/11/28 18:47:19.572] - eth_getBalance
[2022/11/28 18:47:19.602] - eth_getTransactionCount
[2022/11/28 18:47:19.627] - eth_getBalance
[2022/11/28 18:47:19.693] - eth_getTransactionCount
[2022/11/28 18:47:19.724] - eth_getBalance
[2022/11/28 18:47:19.764] - eth_getTransactionCount
[2022/11/28 18:47:19.803] - eth_getBalance
[2022/11/28 18:47:19.846] - eth_getTransactionCount
[2022/11/28 18:47:19.878] - eth_getBalance
[2022/11/28 18:47:19.918] - eth_getTransactionCount
[2022/11/28 18:47:19.956] - eth_getBalance
[2022/11/28 18:47:19.997] - eth_getTransactionCount
[2022/11/28 18:47:20.544] - eth_getBalance
[2022/11/28 18:47:20.586] - eth_getTransactionCount
[2022/11/28 18:47:20.618] - eth_getBalance
[2022/11/28 18:47:20.643] - eth_getTransactionCount
[2022/11/28 18:47:20.676] - eth_getBalance
[2022/11/28 18:47:20.716] - eth_getTransactionCount
[2022/11/28 18:47:20.751] - eth_getBalance
[2022/11/28 18:47:20.782] - eth_getTransactionCount
[2022/11/28 18:47:20.806] - eth_getBalance
[2022/11/28 18:47:20.839] - eth_getTransactionCount
[2022/11/28 18:47:20.880] - eth_getBalance
[2022/11/28 18:47:20.910] - eth_getTransactionCount
[2022/11/28 18:47:20.941] - eth_getBalance
[2022/11/28 18:47:20.974] - eth_getTransactionCount
[2022/11/28 18:47:20.999] - eth_getBalance
[2022/11/28 18:47:21.027] - eth_getTransactionCount
[2022/11/28 18:47:21.055] - eth_getBalance
[2022/11/28 18:47:21.080] - eth_getTransactionCount
[2022/11/28 18:47:21.113] - eth_getBalance
[2022/11/28 18:47:21.145] - eth_getTransactionCount
[2022/11/28 18:47:21.173] - eth_getBalance
[2022/11/28 18:47:21.206] - eth_getTransactionCount
[2022/11/28 18:47:21.229] - eth_getBalance
[2022/11/28 18:47:21.258] - eth_getTransactionCount
[2022/11/28 18:47:21.289] - eth_getBalance
[2022/11/28 18:47:21.312] - eth_getTransactionCount
[2022/11/28 18:47:21.342] - eth_getBalance
[2022/11/28 18:47:21.369] - eth_getTransactionCount
[2022/11/28 18:47:21.400] - eth_getBalance
[2022/11/28 18:47:21.431] - eth_getTransactionCount
[2022/11/28 18:47:21.458] - eth_getBalance
[2022/11/28 18:47:21.501] - eth_getTransactionCount
[2022/11/28 18:47:21.561] - eth_getBalance
[2022/11/28 18:47:21.593] - eth_getTransactionCount
[2022/11/28 18:47:21.638] - eth_getBalance
[2022/11/28 18:47:21.670] - eth_getTransactionCount
[2022/11/28 18:47:21.695] - eth_getBalance
[2022/11/28 18:47:21.725] - eth_getTransactionCount
[2022/11/28 18:47:21.749] - eth_getBalance
[2022/11/28 18:47:21.777] - eth_getTransactionCount
[2022/11/28 18:47:21.812] - eth_getBalance
[2022/11/28 18:47:21.842] - eth_getTransactionCount
[2022/11/28 18:47:21.872] - eth_getBalance
[2022/11/28 18:47:21.901] - eth_getTransactionCount
[2022/11/28 18:47:21.926] - eth_getBalance
[2022/11/28 18:47:21.955] - eth_getTransactionCount
[2022/11/28 18:47:21.979] - eth_getBalance
[2022/11/28 18:47:22.006] - eth_getTransactionCount
[2022/11/28 18:47:22.040] - eth_getBalance
[2022/11/28 18:47:22.075] - eth_getTransactionCount
[2022/11/28 18:47:22.131] - eth_getBalance
[2022/11/28 18:47:22.157] - eth_getTransactionCount
[2022/11/28 18:47:22.182] - eth_getBalance
[2022/11/28 18:47:22.210] - eth_getTransactionCount
[2022/11/28 18:47:22.232] - eth_getBalance
[2022/11/28 18:47:22.259] - eth_getTransactionCount
[2022/11/28 18:47:22.287] - eth_getBalance
[2022/11/28 18:47:22.311] - eth_getTransactionCount
[2022/11/28 18:47:22.344] - eth_getBalance
[2022/11/28 18:47:22.369] - eth_getTransactionCount
[2022/11/28 19:47:30.280] - eth_getBlockByNumber
[2022/11/28 19:47:32.818] - eth_getBlockByNumber
[2022/11/28 19:47:32.893] - eth_getBlockTransactionCountByHash
[2022/11/28 19:47:46.146] - eth_unsubscribe
[2022/11/28 19:47:46.147] - eth_unsubscribe
