[2022/11/27 01:13:42.192] - Starting server with initial configuration: {"gasLimit":6721975,"gasPrice":20000000000,"hardfork":"muirGlacier","hostname":"127.0.0.1","port":7545,"network_id":5777,"default_balance_ether":100,"total_accounts":10,"unlocked_accounts":[],"locked":false,"vmErrorsOnRPCResponse":true,"verbose":false,"db_path":"C:\\Users\\ragna\\AppData\\Roaming\\Ganache\\workspaces\\nifty-answer\\chaindata","logDirectory":"H:\\Worx\\Blockchain\\educhains\\Log Files"}
[2022/11/27 01:13:42.433] - eth_getCode
[2022/11/27 01:13:42.433] - eth_subscribe
[2022/11/27 01:13:42.434] - eth_getLogs
[2022/11/27 01:13:42.438] - eth_subscribe
[2022/11/27 01:13:42.442] - eth_getCode
[2022/11/27 01:13:42.694] - eth_subscribe
[2022/11/27 01:13:42.695] - eth_getLogs
[2022/11/27 01:13:42.696] - eth_subscribe
[2022/11/27 01:13:43.091] - eth_blockNumber
[2022/11/27 01:13:43.092] - eth_accounts
[2022/11/27 01:13:43.092] - eth_gasPrice
[2022/11/27 01:13:43.093] - eth_blockNumber
[2022/11/27 01:13:43.093] - eth_getBlockByNumber
[2022/11/27 01:13:43.093] - eth_accounts
[2022/11/27 01:13:43.094] - eth_subscribe
[2022/11/27 01:13:43.094] - eth_gasPrice
[2022/11/27 01:13:43.095] - eth_getBlockByNumber
[2022/11/27 01:13:43.095] - eth_subscribe
[2022/11/27 01:13:43.190] - eth_accounts
[2022/11/27 01:13:43.442] - eth_getBalance
[2022/11/27 01:13:43.479] - eth_getTransactionCount
[2022/11/27 01:13:43.509] - eth_getBalance
[2022/11/27 01:13:43.533] - eth_getTransactionCount
[2022/11/27 01:13:43.565] - eth_getBalance
[2022/11/27 01:13:43.587] - eth_getTransactionCount
[2022/11/27 01:13:43.613] - eth_getBalance
[2022/11/27 01:13:43.639] - eth_getTransactionCount
[2022/11/27 01:13:43.661] - eth_getBalance
[2022/11/27 01:13:43.687] - eth_getTransactionCount
[2022/11/27 01:13:43.713] - eth_getBalance
[2022/11/27 01:13:43.736] - eth_getTransactionCount
[2022/11/27 01:13:43.764] - eth_getBalance
[2022/11/27 01:13:43.792] - eth_getTransactionCount
[2022/11/27 01:13:43.814] - eth_getBalance
[2022/11/27 01:13:43.840] - eth_getTransactionCount
[2022/11/27 01:13:43.862] - eth_getBalance
[2022/11/27 01:13:43.887] - eth_getTransactionCount
[2022/11/27 01:13:43.913] - eth_getBalance
[2022/11/27 01:13:43.936] - eth_getTransactionCount
[2022/11/27 01:13:44.010] - eth_getBalance
[2022/11/27 01:13:44.037] - eth_getTransactionCount
[2022/11/27 01:13:44.061] - eth_getBalance
[2022/11/27 01:13:44.087] - eth_getTransactionCount
[2022/11/27 01:13:44.114] - eth_getBalance
[2022/11/27 01:13:44.136] - eth_getTransactionCount
[2022/11/27 01:13:44.162] - eth_getBalance
[2022/11/27 01:13:44.188] - eth_getTransactionCount
[2022/11/27 01:13:44.210] - eth_getBalance
[2022/11/27 01:13:44.237] - eth_getTransactionCount
[2022/11/27 01:13:44.263] - eth_getBalance
[2022/11/27 01:13:44.285] - eth_getTransactionCount
[2022/11/27 01:13:44.312] - eth_getBalance
[2022/11/27 01:13:44.335] - eth_getTransactionCount
[2022/11/27 01:13:44.361] - eth_getBalance
[2022/11/27 01:13:44.387] - eth_getTransactionCount
[2022/11/27 01:13:44.411] - eth_getBalance
[2022/11/27 01:13:44.440] - eth_getTransactionCount
[2022/11/27 01:13:44.472] - eth_getBalance
[2022/11/27 01:13:44.494] - eth_getTransactionCount
[2022/11/27 01:13:44.522] - eth_getBalance
[2022/11/27 01:13:44.546] - eth_getTransactionCount
[2022/11/27 01:13:44.573] - eth_getBalance
[2022/11/27 01:13:44.601] - eth_getTransactionCount
[2022/11/27 01:13:44.626] - eth_getBalance
[2022/11/27 01:13:44.658] - eth_getTransactionCount
[2022/11/27 01:13:44.684] - eth_getBalance
[2022/11/27 01:13:44.707] - eth_getTransactionCount
[2022/11/27 01:13:44.736] - eth_getBalance
[2022/11/27 01:13:44.768] - eth_getTransactionCount
[2022/11/27 01:13:44.795] - eth_getBalance
[2022/11/27 01:13:44.825] - eth_getTransactionCount
[2022/11/27 01:13:44.849] - eth_getBalance
[2022/11/27 01:13:44.879] - eth_getTransactionCount
[2022/11/27 01:13:44.907] - eth_getBalance
[2022/11/27 01:13:44.931] - eth_getTransactionCount
[2022/11/27 01:13:44.961] - eth_getBalance
[2022/11/27 01:13:44.991] - eth_getTransactionCount
[2022/11/27 01:13:45.016] - eth_getBalance
[2022/11/27 01:13:45.046] - eth_getTransactionCount
[2022/11/27 01:13:45.335] - eth_getBalance
[2022/11/27 01:13:45.362] - eth_getTransactionCount
[2022/11/27 01:13:45.384] - eth_getBalance
[2022/11/27 01:13:45.410] - eth_getTransactionCount
[2022/11/27 01:13:45.436] - eth_getBalance
[2022/11/27 01:13:45.462] - eth_getTransactionCount
[2022/11/27 01:13:45.491] - eth_getBalance
[2022/11/27 01:13:45.522] - eth_getTransactionCount
[2022/11/27 01:13:45.545] - eth_getBalance
[2022/11/27 01:13:45.574] - eth_getTransactionCount
[2022/11/27 01:13:45.597] - eth_getBalance
[2022/11/27 01:13:45.622] - eth_getTransactionCount
[2022/11/27 01:13:45.649] - eth_getBalance
[2022/11/27 01:13:45.671] - eth_getTransactionCount
[2022/11/27 01:13:45.698] - eth_getBalance
[2022/11/27 01:13:45.727] - eth_getTransactionCount
[2022/11/27 01:13:45.754] - eth_getBalance
[2022/11/27 01:13:45.782] - eth_getTransactionCount
[2022/11/27 01:13:45.810] - eth_getBalance
[2022/11/27 01:13:45.839] - eth_getTransactionCount
[2022/11/27 01:14:04.847] - eth_getBlockByNumber
[2022/11/27 01:14:04.959] - eth_getLogs
[2022/11/27 01:14:11.285] - eth_getBlockByNumber
[2022/11/27 01:14:14.445] - eth_getBlockTransactionCountByHash
[2022/11/27 01:16:51.419] - eth_blockNumber
[2022/11/27 01:16:51.425] - net_version
[2022/11/27 01:16:51.436] - eth_getBalance
[2022/11/27 01:16:51.437] - eth_getBalance
[2022/11/27 01:16:51.442] - eth_getBalance
[2022/11/27 01:16:51.443] - eth_getBalance
[2022/11/27 01:16:51.448] - eth_getBalance
[2022/11/27 01:16:51.448] - eth_getBlockByNumber
[2022/11/27 01:17:11.439] - eth_blockNumber
[2022/11/27 01:18:11.697] - eth_blockNumber
[2022/11/27 01:18:40.798] - eth_blockNumber
[2022/11/27 01:18:54.850] - eth_getBalance
[2022/11/27 01:18:55.169] - net_version
[2022/11/27 01:18:55.191] - eth_getCode
[2022/11/27 01:18:55.200] - eth_getBlockByNumber
[2022/11/27 01:18:55.221] - eth_getBalance
[2022/11/27 01:18:55.232] - eth_getTransactionCount
[2022/11/27 01:18:55.290] - eth_getStorageAt
[2022/11/27 01:18:55.312] - eth_getStorageAt
[2022/11/27 01:18:55.324] - eth_getStorageAt
[2022/11/27 01:18:55.338] - eth_getStorageAt
[2022/11/27 01:20:57.540] - eth_getBalance
[2022/11/27 01:20:57.732] - net_version
[2022/11/27 01:20:57.755] - eth_getCode
[2022/11/27 01:20:57.767] - eth_getBlockByNumber
[2022/11/27 01:20:57.780] - eth_getBalance
[2022/11/27 01:20:57.796] - eth_getTransactionCount
[2022/11/27 01:20:57.811] - eth_getStorageAt
[2022/11/27 01:20:57.827] - eth_getStorageAt
[2022/11/27 01:21:19.523] - eth_unsubscribe
[2022/11/27 01:21:19.524] - eth_unsubscribe
