[2022/11/26 21:23:18.947] - Starting server with initial configuration: {"gasLimit":6721975,"gasPrice":20000000000,"hardfork":"muirGlacier","hostname":"127.0.0.1","port":7545,"network_id":5777,"default_balance_ether":100,"total_accounts":10,"unlocked_accounts":[],"locked":false,"vmErrorsOnRPCResponse":true,"verbose":false,"db_path":"C:\\Users\\ragna\\AppData\\Roaming\\Ganache\\workspaces\\nifty-answer\\chaindata","logDirectory":"H:\\Worx\\Blockchain\\educhains\\Log Files"}
[2022/11/26 21:23:19.575] - eth_subscribe
[2022/11/26 21:23:19.576] - eth_getLogs
[2022/11/26 21:23:19.576] - eth_subscribe
[2022/11/26 21:23:19.775] - eth_subscribe
[2022/11/26 21:23:19.776] - eth_getLogs
[2022/11/26 21:23:19.776] - eth_subscribe
[2022/11/26 21:23:19.983] - eth_blockNumber
[2022/11/26 21:23:19.983] - eth_accounts
[2022/11/26 21:23:19.984] - eth_blockNumber
[2022/11/26 21:23:19.985] - eth_gasPrice
[2022/11/26 21:23:19.985] - eth_accounts
[2022/11/26 21:23:19.986] - eth_getBlockByNumber
[2022/11/26 21:23:19.986] - eth_gasPrice
[2022/11/26 21:23:19.987] - eth_subscribe
[2022/11/26 21:23:19.987] - eth_getBlockByNumber
[2022/11/26 21:23:19.988] - eth_subscribe
[2022/11/26 21:23:20.073] - eth_accounts
[2022/11/26 21:23:20.249] - eth_getBalance
[2022/11/26 21:23:20.269] - eth_getTransactionCount
[2022/11/26 21:23:20.286] - eth_getBalance
[2022/11/26 21:23:20.302] - eth_getTransactionCount
[2022/11/26 21:23:20.322] - eth_getBalance
[2022/11/26 21:23:20.337] - eth_getTransactionCount
[2022/11/26 21:23:20.360] - eth_getBalance
[2022/11/26 21:23:20.375] - eth_getTransactionCount
[2022/11/26 21:23:20.393] - eth_getBalance
[2022/11/26 21:23:20.413] - eth_getTransactionCount
[2022/11/26 21:23:20.429] - eth_getBalance
[2022/11/26 21:23:20.444] - eth_getTransactionCount
[2022/11/26 21:23:20.464] - eth_getBalance
[2022/11/26 21:23:20.481] - eth_getTransactionCount
[2022/11/26 21:23:20.502] - eth_getBalance
[2022/11/26 21:23:20.518] - eth_getTransactionCount
[2022/11/26 21:23:20.533] - eth_getBalance
[2022/11/26 21:23:20.551] - eth_getTransactionCount
[2022/11/26 21:23:20.571] - eth_getBalance
[2022/11/26 21:23:20.585] - eth_getTransactionCount
[2022/11/26 21:23:20.635] - eth_getBalance
[2022/11/26 21:23:20.652] - eth_getTransactionCount
[2022/11/26 21:23:20.669] - eth_getBalance
[2022/11/26 21:23:20.687] - eth_getTransactionCount
[2022/11/26 21:23:20.702] - eth_getBalance
[2022/11/26 21:23:20.722] - eth_getTransactionCount
[2022/11/26 21:23:20.737] - eth_getBalance
[2022/11/26 21:23:20.753] - eth_getTransactionCount
[2022/11/26 21:23:20.770] - eth_getBalance
[2022/11/26 21:23:20.785] - eth_getTransactionCount
[2022/11/26 21:23:20.805] - eth_getBalance
[2022/11/26 21:23:20.820] - eth_getTransactionCount
[2022/11/26 21:23:20.835] - eth_getBalance
[2022/11/26 21:23:20.853] - eth_getTransactionCount
[2022/11/26 21:23:20.868] - eth_getBalance
[2022/11/26 21:23:20.885] - eth_getTransactionCount
[2022/11/26 21:23:20.903] - eth_getBalance
[2022/11/26 21:23:20.919] - eth_getTransactionCount
[2022/11/26 21:23:20.938] - eth_getBalance
[2022/11/26 21:23:20.954] - eth_getTransactionCount
[2022/11/26 21:23:20.970] - eth_getBalance
[2022/11/26 21:23:20.988] - eth_getTransactionCount
[2022/11/26 21:23:21.003] - eth_getBalance
[2022/11/26 21:23:21.018] - eth_getTransactionCount
[2022/11/26 21:23:21.035] - eth_getBalance
[2022/11/26 21:23:21.050] - eth_getTransactionCount
[2022/11/26 21:23:21.072] - eth_getBalance
[2022/11/26 21:23:21.087] - eth_getTransactionCount
[2022/11/26 21:23:21.103] - eth_getBalance
[2022/11/26 21:23:21.119] - eth_getTransactionCount
[2022/11/26 21:23:21.136] - eth_getBalance
[2022/11/26 21:23:21.155] - eth_getTransactionCount
[2022/11/26 21:23:21.170] - eth_getBalance
[2022/11/26 21:23:21.185] - eth_getTransactionCount
[2022/11/26 21:23:21.203] - eth_getBalance
[2022/11/26 21:23:21.218] - eth_getTransactionCount
[2022/11/26 21:23:21.233] - eth_getBalance
[2022/11/26 21:23:21.250] - eth_getTransactionCount
[2022/11/26 21:23:21.266] - eth_getBalance
[2022/11/26 21:23:21.304] - eth_getTransactionCount
[2022/11/26 21:23:21.498] - eth_getBalance
[2022/11/26 21:23:21.516] - eth_getTransactionCount
[2022/11/26 21:23:21.531] - eth_getBalance
[2022/11/26 21:23:21.546] - eth_getTransactionCount
[2022/11/26 21:23:21.564] - eth_getBalance
[2022/11/26 21:23:21.579] - eth_getTransactionCount
[2022/11/26 21:23:21.597] - eth_getBalance
[2022/11/26 21:23:21.614] - eth_getTransactionCount
[2022/11/26 21:23:21.629] - eth_getBalance
[2022/11/26 21:23:21.648] - eth_getTransactionCount
[2022/11/26 21:23:21.663] - eth_getBalance
[2022/11/26 21:23:21.680] - eth_getTransactionCount
[2022/11/26 21:23:21.699] - eth_getBalance
[2022/11/26 21:23:21.715] - eth_getTransactionCount
[2022/11/26 21:23:21.734] - eth_getBalance
[2022/11/26 21:23:21.749] - eth_getTransactionCount
[2022/11/26 21:23:21.765] - eth_getBalance
[2022/11/26 21:23:21.782] - eth_getTransactionCount
[2022/11/26 21:23:21.797] - eth_getBalance
[2022/11/26 21:23:21.816] - eth_getTransactionCount
[2022/11/26 21:24:16.627] - eth_getBlockByNumber
[2022/11/26 21:24:16.698] - eth_getBlockTransactionCountByHash
[2022/11/26 21:24:30.009] - eth_getBlockByNumber
[2022/11/26 21:25:05.650] - eth_getLogs
[2022/11/26 21:32:02.213] - eth_unsubscribe
[2022/11/26 21:32:02.214] - eth_unsubscribe
