[2022/11/27 16:00:26.016] - Starting server with initial configuration: {"gasLimit":6721975,"gasPrice":20000000000,"hardfork":"muirGlacier","hostname":"127.0.0.1","port":7545,"network_id":5777,"default_balance_ether":100,"total_accounts":10,"unlocked_accounts":[],"locked":false,"vmErrorsOnRPCResponse":true,"verbose":false,"db_path":"C:\\Users\\ragna\\AppData\\Roaming\\Ganache\\workspaces\\EduChain\\chaindata","logDirectory":"H:\\Worx\\Blockchain\\educhains\\Log Files"}
[2022/11/27 16:00:26.278] - eth_getCode
[2022/11/27 16:00:26.279] - eth_subscribe
[2022/11/27 16:00:26.279] - eth_getLogs
[2022/11/27 16:00:26.282] - eth_subscribe
[2022/11/27 16:00:26.287] - eth_getCode
[2022/11/27 16:00:26.531] - eth_subscribe
[2022/11/27 16:00:26.532] - eth_getLogs
[2022/11/27 16:00:26.533] - eth_subscribe
[2022/11/27 16:00:26.901] - eth_blockNumber
[2022/11/27 16:00:26.902] - eth_accounts
[2022/11/27 16:00:26.903] - eth_gasPrice
[2022/11/27 16:00:26.904] - eth_getBlockByNumber
[2022/11/27 16:00:26.904] - eth_blockNumber
[2022/11/27 16:00:26.905] - eth_subscribe
[2022/11/27 16:00:26.905] - eth_accounts
[2022/11/27 16:00:26.906] - eth_gasPrice
[2022/11/27 16:00:26.906] - eth_getBlockByNumber
[2022/11/27 16:00:26.907] - eth_subscribe
[2022/11/27 16:00:27.006] - eth_accounts
[2022/11/27 16:00:27.304] - eth_getBalance
[2022/11/27 16:00:27.333] - eth_getTransactionCount
[2022/11/27 16:00:27.357] - eth_getBalance
[2022/11/27 16:00:27.385] - eth_getTransactionCount
[2022/11/27 16:00:27.413] - eth_getBalance
[2022/11/27 16:00:27.436] - eth_getTransactionCount
[2022/11/27 16:00:27.464] - eth_getBalance
[2022/11/27 16:00:27.496] - eth_getTransactionCount
[2022/11/27 16:00:27.517] - eth_getBalance
[2022/11/27 16:00:27.544] - eth_getTransactionCount
[2022/11/27 16:00:27.566] - eth_getBalance
[2022/11/27 16:00:27.591] - eth_getTransactionCount
[2022/11/27 16:00:27.618] - eth_getBalance
[2022/11/27 16:00:27.641] - eth_getTransactionCount
[2022/11/27 16:00:27.665] - eth_getBalance
[2022/11/27 16:00:27.691] - eth_getTransactionCount
[2022/11/27 16:00:27.713] - eth_getBalance
[2022/11/27 16:00:27.742] - eth_getTransactionCount
[2022/11/27 16:00:27.770] - eth_getBalance
[2022/11/27 16:00:27.792] - eth_getTransactionCount
[2022/11/27 16:00:27.867] - eth_getBalance
[2022/11/27 16:00:27.895] - eth_getTransactionCount
[2022/11/27 16:00:27.917] - eth_getBalance
[2022/11/27 16:00:27.944] - eth_getTransactionCount
[2022/11/27 16:00:27.973] - eth_getBalance
[2022/11/27 16:00:27.996] - eth_getTransactionCount
[2022/11/27 16:00:28.027] - eth_getBalance
[2022/11/27 16:00:28.051] - eth_getTransactionCount
[2022/11/27 16:00:28.077] - eth_getBalance
[2022/11/27 16:00:28.126] - eth_getTransactionCount
[2022/11/27 16:00:28.148] - eth_getBalance
[2022/11/27 16:00:28.173] - eth_getTransactionCount
[2022/11/27 16:00:28.197] - eth_getBalance
[2022/11/27 16:00:28.222] - eth_getTransactionCount
[2022/11/27 16:00:28.249] - eth_getBalance
[2022/11/27 16:00:28.273] - eth_getTransactionCount
[2022/11/27 16:00:28.299] - eth_getBalance
[2022/11/27 16:00:28.328] - eth_getTransactionCount
[2022/11/27 16:00:28.357] - eth_getBalance
[2022/11/27 16:00:28.385] - eth_getTransactionCount
[2022/11/27 16:00:28.408] - eth_getBalance
[2022/11/27 16:00:28.433] - eth_getTransactionCount
[2022/11/27 16:00:28.459] - eth_getBalance
[2022/11/27 16:00:28.482] - eth_getTransactionCount
[2022/11/27 16:00:28.508] - eth_getBalance
[2022/11/27 16:00:28.534] - eth_getTransactionCount
[2022/11/27 16:00:28.556] - eth_getBalance
[2022/11/27 16:00:28.582] - eth_getTransactionCount
[2022/11/27 16:00:28.611] - eth_getBalance
[2022/11/27 16:00:28.634] - eth_getTransactionCount
[2022/11/27 16:00:28.660] - eth_getBalance
[2022/11/27 16:00:28.682] - eth_getTransactionCount
[2022/11/27 16:00:28.708] - eth_getBalance
[2022/11/27 16:00:28.734] - eth_getTransactionCount
[2022/11/27 16:00:28.757] - eth_getBalance
[2022/11/27 16:00:28.783] - eth_getTransactionCount
[2022/11/27 16:00:28.811] - eth_getBalance
[2022/11/27 16:00:28.833] - eth_getTransactionCount
[2022/11/27 16:00:28.859] - eth_getBalance
[2022/11/27 16:00:28.882] - eth_getTransactionCount
[2022/11/27 16:00:29.144] - eth_getBalance
[2022/11/27 16:00:30.327] - eth_getTransactionCount
[2022/11/27 16:00:30.328] - eth_getBalance
[2022/11/27 16:00:30.330] - eth_getTransactionCount
[2022/11/27 16:00:30.330] - eth_getBalance
[2022/11/27 16:00:30.331] - eth_getTransactionCount
[2022/11/27 16:00:30.332] - eth_getBalance
[2022/11/27 16:00:30.333] - eth_getTransactionCount
[2022/11/27 16:00:30.334] - eth_getBalance
[2022/11/27 16:00:30.335] - eth_getTransactionCount
[2022/11/27 16:00:30.335] - eth_getBalance
[2022/11/27 16:00:30.337] - eth_getTransactionCount
[2022/11/27 16:00:30.337] - eth_getBalance
[2022/11/27 16:00:30.338] - eth_getTransactionCount
[2022/11/27 16:00:30.339] - eth_getBalance
[2022/11/27 16:00:30.339] - eth_getTransactionCount
[2022/11/27 16:00:30.341] - eth_getBalance
[2022/11/27 16:00:30.341] - eth_getTransactionCount
[2022/11/27 16:00:30.344] - eth_getBalance
[2022/11/27 16:00:30.346] - eth_getTransactionCount
[2022/11/27 16:00:59.023] - eth_getBlockByNumber
[2022/11/27 19:23:43.893] - eth_getBlockByNumber
[2022/11/27 19:23:44.068] - eth_getBlockTransactionCountByHash
[2022/11/27 19:24:34.761] - eth_getLogs
[2022/11/27 19:28:06.524] - eth_getBalance
[2022/11/27 19:28:06.836] - net_version
[2022/11/27 19:28:06.847] - eth_getCode
[2022/11/27 19:28:06.858] - eth_getBlockByNumber
[2022/11/27 19:28:06.878] - eth_getBalance
[2022/11/27 19:28:06.889] - eth_getTransactionCount
[2022/11/27 19:28:06.923] - eth_getStorageAt
[2022/11/27 19:28:06.940] - eth_getStorageAt
[2022/11/27 19:38:17.746] - eth_unsubscribe
[2022/11/27 19:38:17.747] - eth_unsubscribe
