[2022/11/27 20:03:03.907] - Starting server with initial configuration: {"gasLimit":6721975,"gasPrice":20000000000,"hardfork":"muirGlacier","hostname":"127.0.0.1","port":7545,"network_id":5777,"default_balance_ether":100,"total_accounts":10,"unlocked_accounts":[],"locked":false,"vmErrorsOnRPCResponse":true,"verbose":false,"db_path":"C:\\Users\\ragna\\AppData\\Roaming\\Ganache\\workspaces\\EduChain\\chaindata","logDirectory":"H:\\Worx\\Blockchain\\educhains\\Log Files"}
[2022/11/27 20:03:05.409] - eth_getCode
[2022/11/27 20:03:05.410] - eth_subscribe
[2022/11/27 20:03:05.410] - eth_getLogs
[2022/11/27 20:03:05.412] - eth_subscribe
[2022/11/27 20:03:05.419] - eth_getCode
[2022/11/27 20:03:05.670] - eth_subscribe
[2022/11/27 20:03:05.671] - eth_getLogs
[2022/11/27 20:03:05.672] - eth_subscribe
[2022/11/27 20:03:06.134] - eth_blockNumber
[2022/11/27 20:03:06.134] - eth_accounts
[2022/11/27 20:03:06.135] - eth_gasPrice
[2022/11/27 20:03:06.141] - eth_getBlockByNumber
[2022/11/27 20:03:06.142] - eth_subscribe
[2022/11/27 20:03:06.143] - eth_blockNumber
[2022/11/27 20:03:06.143] - eth_accounts
[2022/11/27 20:03:06.146] - eth_gasPrice
[2022/11/27 20:03:06.146] - eth_getBlockByNumber
[2022/11/27 20:03:06.369] - eth_getBalance
[2022/11/27 20:03:06.397] - eth_getTransactionCount
[2022/11/27 20:03:06.426] - eth_getBalance
[2022/11/27 20:03:06.449] - eth_getTransactionCount
[2022/11/27 20:03:06.477] - eth_getBalance
[2022/11/27 20:03:06.502] - eth_getTransactionCount
[2022/11/27 20:03:06.529] - eth_getBalance
[2022/11/27 20:03:06.557] - eth_getTransactionCount
[2022/11/27 20:03:06.580] - eth_getBalance
[2022/11/27 20:03:06.607] - eth_getTransactionCount
[2022/11/27 20:03:06.633] - eth_getBalance
[2022/11/27 20:03:06.656] - eth_getTransactionCount
[2022/11/27 20:03:06.682] - eth_getBalance
[2022/11/27 20:03:06.709] - eth_getTransactionCount
[2022/11/27 20:03:06.732] - eth_getBalance
[2022/11/27 20:03:06.760] - eth_getTransactionCount
[2022/11/27 20:03:06.782] - eth_getBalance
[2022/11/27 20:03:06.810] - eth_getTransactionCount
[2022/11/27 20:03:06.839] - eth_getBalance
[2022/11/27 20:03:06.861] - eth_getTransactionCount
[2022/11/27 20:03:06.887] - eth_getBalance
[2022/11/27 20:03:06.916] - eth_getTransactionCount
[2022/11/27 20:03:06.938] - eth_getBalance
[2022/11/27 20:03:06.965] - eth_getTransactionCount
[2022/11/27 20:03:06.989] - eth_getBalance
[2022/11/27 20:03:07.018] - eth_getTransactionCount
[2022/11/27 20:03:07.048] - eth_getBalance
[2022/11/27 20:03:07.071] - eth_getTransactionCount
[2022/11/27 20:03:07.096] - eth_getBalance
[2022/11/27 20:03:07.123] - eth_getTransactionCount
[2022/11/27 20:03:07.145] - eth_getBalance
[2022/11/27 20:03:07.172] - eth_getTransactionCount
[2022/11/27 20:03:07.200] - eth_getBalance
[2022/11/27 20:03:07.222] - eth_getTransactionCount
[2022/11/27 20:03:07.250] - eth_getBalance
[2022/11/27 20:03:07.273] - eth_getTransactionCount
[2022/11/27 20:03:07.299] - eth_getBalance
[2022/11/27 20:03:07.326] - eth_getTransactionCount
[2022/11/27 20:03:07.349] - eth_getBalance
[2022/11/27 20:03:07.375] - eth_getTransactionCount
[2022/11/27 20:03:07.376] - eth_subscribe
[2022/11/27 20:03:07.746] - eth_getBalance
[2022/11/27 20:03:07.770] - eth_getTransactionCount
[2022/11/27 20:03:07.795] - eth_getBalance
[2022/11/27 20:03:07.823] - eth_getTransactionCount
[2022/11/27 20:03:07.845] - eth_getBalance
[2022/11/27 20:03:07.872] - eth_getTransactionCount
[2022/11/27 20:03:07.900] - eth_getBalance
[2022/11/27 20:03:07.923] - eth_getTransactionCount
[2022/11/27 20:03:07.952] - eth_getBalance
[2022/11/27 20:03:07.975] - eth_getTransactionCount
[2022/11/27 20:03:08.000] - eth_getBalance
[2022/11/27 20:03:08.031] - eth_getTransactionCount
[2022/11/27 20:03:08.053] - eth_getBalance
[2022/11/27 20:03:08.081] - eth_getTransactionCount
[2022/11/27 20:03:08.109] - eth_getBalance
[2022/11/27 20:03:08.131] - eth_getTransactionCount
[2022/11/27 20:03:08.158] - eth_getBalance
[2022/11/27 20:03:08.187] - eth_getTransactionCount
[2022/11/27 20:03:08.209] - eth_getBalance
[2022/11/27 20:03:08.236] - eth_getTransactionCount
[2022/11/27 20:03:08.259] - eth_getBalance
[2022/11/27 20:03:08.285] - eth_getTransactionCount
[2022/11/27 20:03:08.312] - eth_getBalance
[2022/11/27 20:03:08.334] - eth_getTransactionCount
[2022/11/27 20:03:08.360] - eth_getBalance
[2022/11/27 20:03:08.387] - eth_getTransactionCount
[2022/11/27 20:03:08.410] - eth_getBalance
[2022/11/27 20:03:08.437] - eth_getTransactionCount
[2022/11/27 20:03:08.460] - eth_getBalance
[2022/11/27 20:03:08.486] - eth_getTransactionCount
[2022/11/27 20:03:08.514] - eth_getBalance
[2022/11/27 20:03:08.537] - eth_getTransactionCount
[2022/11/27 20:03:08.563] - eth_getBalance
[2022/11/27 20:03:08.589] - eth_getTransactionCount
[2022/11/27 20:03:08.618] - eth_getBalance
[2022/11/27 20:03:08.648] - eth_getTransactionCount
[2022/11/27 20:03:08.680] - eth_getBalance
[2022/11/27 20:03:08.710] - eth_getTransactionCount
[2022/11/27 20:03:08.742] - eth_getBalance
[2022/11/27 20:03:08.766] - eth_getTransactionCount
[2022/11/27 20:03:52.410] - eth_getBlockByNumber
[2022/11/27 20:03:52.518] - eth_getBlockTransactionCountByHash
[2022/11/27 20:04:07.995] - eth_getBlockByNumber
[2022/11/27 20:51:59.256] - eth_getLogs
[2022/11/27 20:53:23.313] - eth_unsubscribe
[2022/11/27 20:53:23.314] - eth_unsubscribe
