[2022/12/05 19:49:43.091] - Starting server with initial configuration: {"gasLimit":6721975,"gasPrice":20000000000,"hardfork":"muirGlacier","hostname":"127.0.0.1","port":7545,"network_id":5777,"default_balance_ether":100,"total_accounts":10,"unlocked_accounts":[],"locked":false,"vmErrorsOnRPCResponse":true,"verbose":false,"db_path":"C:\\Users\\ragna\\AppData\\Roaming\\Ganache\\workspaces\\EduChain\\chaindata","logDirectory":"H:\\Worx\\Blockchain\\educhains\\Log Files"}
[2022/12/05 19:49:43.443] - eth_subscribe
[2022/12/05 19:49:43.445] - eth_getLogs
[2022/12/05 19:49:43.446] - eth_subscribe
[2022/12/05 19:49:43.449] - eth_getCode
[2022/12/05 19:49:43.504] - eth_getCode
[2022/12/05 19:49:43.770] - eth_subscribe
[2022/12/05 19:49:43.771] - eth_getLogs
[2022/12/05 19:49:43.772] - eth_subscribe
[2022/12/05 19:49:44.162] - eth_blockNumber
[2022/12/05 19:49:44.170] - eth_accounts
[2022/12/05 19:49:44.170] - eth_gasPrice
[2022/12/05 19:49:44.171] - eth_getBlockByNumber
[2022/12/05 19:49:44.173] - eth_subscribe
[2022/12/05 19:49:44.187] - eth_blockNumber
[2022/12/05 19:49:44.188] - eth_accounts
[2022/12/05 19:49:44.188] - eth_gasPrice
[2022/12/05 19:49:44.189] - eth_getBlockByNumber
[2022/12/05 19:49:44.190] - eth_subscribe
[2022/12/05 19:49:44.388] - eth_getBalance
[2022/12/05 19:49:44.413] - eth_getTransactionCount
[2022/12/05 19:49:44.441] - eth_getBalance
[2022/12/05 19:49:44.468] - eth_getTransactionCount
[2022/12/05 19:49:44.491] - eth_getBalance
[2022/12/05 19:49:44.526] - eth_getTransactionCount
[2022/12/05 19:49:44.561] - eth_getBalance
[2022/12/05 19:49:44.586] - eth_getTransactionCount
[2022/12/05 19:49:44.633] - eth_getBalance
[2022/12/05 19:49:44.666] - eth_getTransactionCount
[2022/12/05 19:49:44.703] - eth_getBalance
[2022/12/05 19:49:44.725] - eth_getTransactionCount
[2022/12/05 19:49:44.755] - eth_getBalance
[2022/12/05 19:49:44.785] - eth_getTransactionCount
[2022/12/05 19:49:44.811] - eth_getBalance
[2022/12/05 19:49:44.842] - eth_getTransactionCount
[2022/12/05 19:49:44.866] - eth_getBalance
[2022/12/05 19:49:44.894] - eth_getTransactionCount
[2022/12/05 19:49:44.924] - eth_getBalance
[2022/12/05 19:49:44.948] - eth_getTransactionCount
[2022/12/05 19:49:44.987] - eth_getBalance
[2022/12/05 19:49:45.016] - eth_getTransactionCount
[2022/12/05 19:49:45.041] - eth_getBalance
[2022/12/05 19:49:45.074] - eth_getTransactionCount
[2022/12/05 19:49:45.106] - eth_getBalance
[2022/12/05 19:49:45.143] - eth_getTransactionCount
[2022/12/05 19:49:45.169] - eth_getBalance
[2022/12/05 19:49:45.191] - eth_getTransactionCount
[2022/12/05 19:49:45.223] - eth_getBalance
[2022/12/05 19:49:45.246] - eth_getTransactionCount
[2022/12/05 19:49:45.301] - eth_getBalance
[2022/12/05 19:49:45.340] - eth_getTransactionCount
[2022/12/05 19:49:45.370] - eth_getBalance
[2022/12/05 19:49:45.399] - eth_getTransactionCount
[2022/12/05 19:49:45.427] - eth_getBalance
[2022/12/05 19:49:45.449] - eth_getTransactionCount
[2022/12/05 19:49:45.476] - eth_getBalance
[2022/12/05 19:49:45.503] - eth_getTransactionCount
[2022/12/05 19:49:45.524] - eth_getBalance
[2022/12/05 19:49:45.555] - eth_getTransactionCount
[2022/12/05 19:49:45.815] - eth_getBalance
[2022/12/05 19:49:45.846] - eth_getTransactionCount
[2022/12/05 19:49:45.879] - eth_getBalance
[2022/12/05 19:49:45.917] - eth_getTransactionCount
[2022/12/05 19:49:45.983] - eth_getBalance
[2022/12/05 19:49:46.026] - eth_getTransactionCount
[2022/12/05 19:49:46.052] - eth_getBalance
[2022/12/05 19:49:46.078] - eth_getTransactionCount
[2022/12/05 19:49:46.105] - eth_getBalance
[2022/12/05 19:49:46.126] - eth_getTransactionCount
[2022/12/05 19:49:46.153] - eth_getBalance
[2022/12/05 19:49:46.175] - eth_getTransactionCount
[2022/12/05 19:49:46.201] - eth_getBalance
[2022/12/05 19:49:46.227] - eth_getTransactionCount
[2022/12/05 19:49:46.257] - eth_getBalance
[2022/12/05 19:49:46.287] - eth_getTransactionCount
[2022/12/05 19:49:46.313] - eth_getBalance
[2022/12/05 19:49:46.335] - eth_getTransactionCount
[2022/12/05 19:49:46.361] - eth_getBalance
[2022/12/05 19:49:46.384] - eth_getTransactionCount
[2022/12/05 19:49:46.411] - eth_getBalance
[2022/12/05 19:49:46.438] - eth_getTransactionCount
[2022/12/05 19:49:46.460] - eth_getBalance
[2022/12/05 19:49:46.485] - eth_getTransactionCount
[2022/12/05 19:49:46.511] - eth_getBalance
[2022/12/05 19:49:46.536] - eth_getTransactionCount
[2022/12/05 19:49:46.565] - eth_getBalance
[2022/12/05 19:49:46.592] - eth_getTransactionCount
[2022/12/05 19:49:46.614] - eth_getBalance
[2022/12/05 19:49:46.641] - eth_getTransactionCount
[2022/12/05 19:49:46.665] - eth_getBalance
[2022/12/05 19:49:46.695] - eth_getTransactionCount
[2022/12/05 19:49:46.724] - eth_getBalance
[2022/12/05 19:49:46.747] - eth_getTransactionCount
[2022/12/05 19:49:46.777] - eth_getBalance
[2022/12/05 19:49:46.806] - eth_getTransactionCount
[2022/12/05 19:49:46.828] - eth_getBalance
[2022/12/05 19:49:46.856] - eth_getTransactionCount
[2022/12/05 19:49:46.879] - eth_getBalance
[2022/12/05 19:49:46.905] - eth_getTransactionCount
[2022/12/05 19:51:17.119] - eth_unsubscribe
[2022/12/05 19:51:17.120] - eth_unsubscribe
